<?xml version="1.0" encoding="UTF-8"?>
<coverage generated="1551536562">
  <project timestamp="1551536562">
    <file name="/app/src/Application/Command/CommandHandlerInterface.php">
      <metrics loc="7" ncloc="7" classes="0" methods="0" coveredmethods="0" conditionals="0" coveredconditionals="0" statements="0" coveredstatements="0" elements="0" coveredelements="0"/>
    </file>
    <package name="App\Application\Command\User\ChangeEmail">
      <file name="/app/src/Application/Command/User/ChangeEmail/ChangeEmailCommand.php">
        <class name="App\Application\Command\User\ChangeEmail\ChangeEmailCommand" namespace="App\Application\Command\User\ChangeEmail">
          <metrics complexity="1" methods="1" coveredmethods="1" conditionals="0" coveredconditionals="0" statements="3" coveredstatements="3" elements="4" coveredelements="4"/>
        </class>
        <line num="21" type="method" name="__construct" visibility="public" complexity="1" crap="1" count="3"/>
        <line num="23" type="stmt" count="3"/>
        <line num="24" type="stmt" count="3"/>
        <line num="25" type="stmt" count="2"/>
        <metrics loc="26" ncloc="21" classes="1" methods="1" coveredmethods="1" conditionals="0" coveredconditionals="0" statements="3" coveredstatements="3" elements="4" coveredelements="4"/>
      </file>
      <file name="/app/src/Application/Command/User/ChangeEmail/ChangeEmailHandler.php">
        <class name="App\Application\Command\User\ChangeEmail\ChangeEmailHandler" namespace="App\Application\Command\User\ChangeEmail">
          <metrics complexity="2" methods="2" coveredmethods="2" conditionals="0" coveredconditionals="0" statements="6" coveredstatements="6" elements="8" coveredelements="8"/>
        </class>
        <line num="12" type="method" name="__invoke" visibility="public" complexity="1" crap="1" count="2"/>
        <line num="14" type="stmt" count="2"/>
        <line num="16" type="stmt" count="2"/>
        <line num="18" type="stmt" count="2"/>
        <line num="19" type="stmt" count="2"/>
        <line num="21" type="method" name="__construct" visibility="public" complexity="1" crap="1" count="2"/>
        <line num="23" type="stmt" count="2"/>
        <line num="24" type="stmt" count="2"/>
        <metrics loc="28" ncloc="27" classes="1" methods="2" coveredmethods="2" conditionals="0" coveredconditionals="0" statements="6" coveredstatements="6" elements="8" coveredelements="8"/>
      </file>
    </package>
    <package name="App\Application\Command\User\SignIn">
      <file name="/app/src/Application/Command/User/SignIn/SignInCommand.php">
        <class name="App\Application\Command\User\SignIn\SignInCommand" namespace="App\Application\Command\User\SignIn">
          <metrics complexity="1" methods="1" coveredmethods="1" conditionals="0" coveredconditionals="0" statements="3" coveredstatements="3" elements="4" coveredelements="4"/>
        </class>
        <line num="24" type="method" name="__construct" visibility="public" complexity="1" crap="1" count="18"/>
        <line num="26" type="stmt" count="18"/>
        <line num="27" type="stmt" count="17"/>
        <line num="28" type="stmt" count="17"/>
        <metrics loc="29" ncloc="20" classes="1" methods="1" coveredmethods="1" conditionals="0" coveredconditionals="0" statements="3" coveredstatements="3" elements="4" coveredelements="4"/>
      </file>
      <file name="/app/src/Application/Command/User/SignIn/SignInHandler.php">
        <class name="App\Application\Command\User\SignIn\SignInHandler" namespace="App\Application\Command\User\SignIn">
          <metrics complexity="4" methods="3" coveredmethods="3" conditionals="0" coveredconditionals="0" statements="12" coveredstatements="12" elements="15" coveredelements="15"/>
        </class>
        <line num="16" type="method" name="__invoke" visibility="public" complexity="1" crap="1" count="17"/>
        <line num="18" type="stmt" count="17"/>
        <line num="20" type="stmt" count="14"/>
        <line num="22" type="stmt" count="14"/>
        <line num="24" type="stmt" count="13"/>
        <line num="25" type="stmt" count="13"/>
        <line num="27" type="method" name="uuidFromEmail" visibility="private" complexity="2" crap="2" count="17"/>
        <line num="29" type="stmt" count="17"/>
        <line num="31" type="stmt" count="17"/>
        <line num="32" type="stmt" count="3"/>
        <line num="35" type="stmt" count="14"/>
        <line num="38" type="method" name="__construct" visibility="public" complexity="1" crap="1" count="17"/>
        <line num="40" type="stmt" count="17"/>
        <line num="41" type="stmt" count="17"/>
        <line num="42" type="stmt" count="17"/>
        <metrics loc="53" ncloc="47" classes="1" methods="3" coveredmethods="3" conditionals="0" coveredconditionals="0" statements="12" coveredstatements="12" elements="15" coveredelements="15"/>
      </file>
    </package>
    <package name="App\Application\Command\User\SignUp">
      <file name="/app/src/Application/Command/User/SignUp/SignUpCommand.php">
        <class name="App\Application\Command\User\SignUp\SignUpCommand" namespace="App\Application\Command\User\SignUp">
          <metrics complexity="1" methods="1" coveredmethods="1" conditionals="0" coveredconditionals="0" statements="3" coveredstatements="3" elements="4" coveredelements="4"/>
        </class>
        <line num="26" type="method" name="__construct" visibility="public" complexity="1" crap="1" count="25"/>
        <line num="28" type="stmt" count="25"/>
        <line num="29" type="stmt" count="25"/>
        <line num="30" type="stmt" count="24"/>
        <metrics loc="31" ncloc="22" classes="1" methods="1" coveredmethods="1" conditionals="0" coveredconditionals="0" statements="3" coveredstatements="3" elements="4" coveredelements="4"/>
      </file>
      <file name="/app/src/Application/Command/User/SignUp/SignUpHandler.php">
        <class name="App\Application\Command\User\SignUp\SignUpHandler" namespace="App\Application\Command\User\SignUp">
          <metrics complexity="2" methods="2" coveredmethods="2" conditionals="0" coveredconditionals="0" statements="6" coveredstatements="6" elements="8" coveredelements="8"/>
        </class>
        <line num="13" type="method" name="__invoke" visibility="public" complexity="1" crap="1" count="24"/>
        <line num="15" type="stmt" count="24"/>
        <line num="17" type="stmt" count="24"/>
        <line num="18" type="stmt" count="24"/>
        <line num="20" type="method" name="__construct" visibility="public" complexity="1" crap="1" count="24"/>
        <line num="22" type="stmt" count="24"/>
        <line num="23" type="stmt" count="24"/>
        <line num="24" type="stmt" count="24"/>
        <metrics loc="35" ncloc="29" classes="1" methods="2" coveredmethods="2" conditionals="0" coveredconditionals="0" statements="6" coveredstatements="6" elements="8" coveredelements="8"/>
      </file>
    </package>
    <package name="App\Application\Query\Auth\GetToken">
      <file name="/app/src/Application/Query/Auth/GetToken/GetTokenHandler.php">
        <class name="App\Application\Query\Auth\GetToken\GetTokenHandler" namespace="App\Application\Query\Auth\GetToken">
          <metrics complexity="2" methods="2" coveredmethods="2" conditionals="0" coveredconditionals="0" statements="5" coveredstatements="5" elements="7" coveredelements="7"/>
        </class>
        <line num="13" type="method" name="__invoke" visibility="public" complexity="1" crap="1" count="10"/>
        <line num="15" type="stmt" count="10"/>
        <line num="17" type="stmt" count="10"/>
        <line num="20" type="method" name="__construct" visibility="public" complexity="1" crap="1" count="10"/>
        <line num="24" type="stmt" count="10"/>
        <line num="25" type="stmt" count="10"/>
        <line num="26" type="stmt" count="10"/>
        <metrics loc="37" ncloc="31" classes="1" methods="2" coveredmethods="2" conditionals="0" coveredconditionals="0" statements="5" coveredstatements="5" elements="7" coveredelements="7"/>
      </file>
      <file name="/app/src/Application/Query/Auth/GetToken/GetTokenQuery.php">
        <class name="App\Application\Query\Auth\GetToken\GetTokenQuery" namespace="App\Application\Query\Auth\GetToken">
          <metrics complexity="1" methods="1" coveredmethods="1" conditionals="0" coveredconditionals="0" statements="2" coveredstatements="2" elements="3" coveredelements="3"/>
        </class>
        <line num="16" type="method" name="__construct" visibility="public" complexity="1" crap="1" count="10"/>
        <line num="18" type="stmt" count="10"/>
        <line num="19" type="stmt" count="10"/>
        <metrics loc="20" ncloc="17" classes="1" methods="1" coveredmethods="1" conditionals="0" coveredconditionals="0" statements="2" coveredstatements="2" elements="3" coveredelements="3"/>
      </file>
    </package>
    <package name="App\Application\Query">
      <file name="/app/src/Application/Query/Collection.php">
        <class name="App\Application\Query\Collection" namespace="App\Application\Query">
          <metrics complexity="3" methods="2" coveredmethods="2" conditionals="0" coveredconditionals="0" statements="9" coveredstatements="9" elements="11" coveredelements="11"/>
        </class>
        <line num="34" type="method" name="__construct" visibility="public" complexity="1" crap="1" count="5"/>
        <line num="36" type="stmt" count="5"/>
        <line num="37" type="stmt" count="3"/>
        <line num="38" type="stmt" count="3"/>
        <line num="39" type="stmt" count="3"/>
        <line num="40" type="stmt" count="3"/>
        <line num="41" type="stmt" count="3"/>
        <line num="46" type="method" name="exists" visibility="private" complexity="2" crap="2" count="5"/>
        <line num="48" type="stmt" count="5"/>
        <line num="49" type="stmt" count="2"/>
        <line num="51" type="stmt" count="3"/>
        <metrics loc="52" ncloc="34" classes="1" methods="2" coveredmethods="2" conditionals="0" coveredconditionals="0" statements="9" coveredstatements="9" elements="11" coveredelements="11"/>
      </file>
      <file name="/app/src/Application/Query/Item.php">
        <class name="App\Application\Query\Item" namespace="App\Application\Query">
          <metrics complexity="2" methods="2" coveredmethods="2" conditionals="0" coveredconditionals="0" statements="8" coveredstatements="8" elements="10" coveredelements="10"/>
        </class>
        <line num="26" type="method" name="__construct" visibility="public" complexity="1" crap="1" count="6"/>
        <line num="28" type="stmt" count="6"/>
        <line num="29" type="stmt" count="6"/>
        <line num="30" type="stmt" count="6"/>
        <line num="31" type="stmt" count="6"/>
        <line num="32" type="stmt" count="6"/>
        <line num="33" type="stmt" count="6"/>
        <line num="35" type="method" name="type" visibility="private" complexity="1" crap="1" count="6"/>
        <line num="37" type="stmt" count="6"/>
        <line num="39" type="stmt" count="6"/>
        <metrics loc="41" ncloc="36" classes="1" methods="2" coveredmethods="2" conditionals="0" coveredconditionals="0" statements="8" coveredstatements="8" elements="10" coveredelements="10"/>
      </file>
    </package>
    <package name="App\Application\Query\Event\GetEvents">
      <file name="/app/src/Application/Query/Event/GetEvents/GetEventsHandler.php">
        <class name="App\Application\Query\Event\GetEvents\GetEventsHandler" namespace="App\Application\Query\Event\GetEvents">
          <metrics complexity="2" methods="2" coveredmethods="2" conditionals="0" coveredconditionals="0" statements="4" coveredstatements="4" elements="6" coveredelements="6"/>
        </class>
        <line num="16" type="method" name="__invoke" visibility="public" complexity="1" crap="1" count="3"/>
        <line num="18" type="stmt" count="3"/>
        <line num="20" type="stmt" count="3"/>
        <line num="23" type="method" name="__construct" visibility="public" complexity="1" crap="1" count="3"/>
        <line num="25" type="stmt" count="3"/>
        <line num="26" type="stmt" count="3"/>
        <metrics loc="32" ncloc="26" classes="1" methods="2" coveredmethods="2" conditionals="0" coveredconditionals="0" statements="4" coveredstatements="4" elements="6" coveredelements="6"/>
      </file>
      <file name="/app/src/Application/Query/Event/GetEvents/GetEventsQuery.php">
        <class name="App\Application\Query\Event\GetEvents\GetEventsQuery" namespace="App\Application\Query\Event\GetEvents">
          <metrics complexity="1" methods="1" coveredmethods="1" conditionals="0" coveredconditionals="0" statements="3" coveredstatements="3" elements="4" coveredelements="4"/>
        </class>
        <line num="19" type="method" name="__construct" visibility="public" complexity="1" crap="1" count="3"/>
        <line num="21" type="stmt" count="3"/>
        <line num="22" type="stmt" count="3"/>
        <line num="23" type="stmt" count="3"/>
        <metrics loc="24" ncloc="18" classes="1" methods="1" coveredmethods="1" conditionals="0" coveredconditionals="0" statements="3" coveredstatements="3" elements="4" coveredelements="4"/>
      </file>
    </package>
    <file name="/app/src/Application/Query/QueryHandlerInterface.php">
      <metrics loc="7" ncloc="7" classes="0" methods="0" coveredmethods="0" conditionals="0" coveredconditionals="0" statements="0" coveredstatements="0" elements="0" coveredelements="0"/>
    </file>
    <package name="App\Application\Query\User\FindByEmail">
      <file name="/app/src/Application/Query/User/FindByEmail/FindByEmailHandler.php">
        <class name="App\Application\Query\User\FindByEmail\FindByEmailHandler" namespace="App\Application\Query\User\FindByEmail">
          <metrics complexity="2" methods="2" coveredmethods="2" conditionals="0" coveredconditionals="0" statements="4" coveredstatements="4" elements="6" coveredelements="6"/>
        </class>
        <line num="14" type="method" name="__invoke" visibility="public" complexity="1" crap="1" count="6"/>
        <line num="17" type="stmt" count="6"/>
        <line num="19" type="stmt" count="5"/>
        <line num="22" type="method" name="__construct" visibility="public" complexity="1" crap="1" count="6"/>
        <line num="24" type="stmt" count="6"/>
        <line num="25" type="stmt" count="6"/>
        <metrics loc="31" ncloc="27" classes="1" methods="2" coveredmethods="2" conditionals="0" coveredconditionals="0" statements="4" coveredstatements="4" elements="6" coveredelements="6"/>
      </file>
      <file name="/app/src/Application/Query/User/FindByEmail/FindByEmailQuery.php">
        <class name="App\Application\Query\User\FindByEmail\FindByEmailQuery" namespace="App\Application\Query\User\FindByEmail">
          <metrics complexity="1" methods="1" coveredmethods="1" conditionals="0" coveredconditionals="0" statements="2" coveredstatements="2" elements="3" coveredelements="3"/>
        </class>
        <line num="17" type="method" name="__construct" visibility="public" complexity="1" crap="1" count="7"/>
        <line num="19" type="stmt" count="7"/>
        <line num="20" type="stmt" count="6"/>
        <metrics loc="21" ncloc="15" classes="1" methods="1" coveredmethods="1" conditionals="0" coveredconditionals="0" statements="2" coveredstatements="2" elements="3" coveredelements="3"/>
      </file>
    </package>
    <file name="/app/src/Domain/Shared/Event/EventRepositoryInterface.php">
      <metrics loc="10" ncloc="10" classes="0" methods="0" coveredmethods="0" conditionals="0" coveredconditionals="0" statements="0" coveredstatements="0" elements="0" coveredelements="0"/>
    </file>
    <package name="App\Domain\Shared\Query\Exception">
      <file name="/app/src/Domain/Shared/Query/Exception/NotFoundException.php">
        <class name="App\Domain\Shared\Query\Exception\NotFoundException" namespace="App\Domain\Shared\Query\Exception">
          <metrics complexity="1" methods="1" coveredmethods="1" conditionals="0" coveredconditionals="0" statements="2" coveredstatements="2" elements="3" coveredelements="3"/>
        </class>
        <line num="9" type="method" name="__construct" visibility="public" complexity="1" crap="1" count="3"/>
        <line num="11" type="stmt" count="3"/>
        <line num="12" type="stmt" count="3"/>
        <metrics loc="13" ncloc="13" classes="1" methods="1" coveredmethods="1" conditionals="0" coveredconditionals="0" statements="2" coveredstatements="2" elements="3" coveredelements="3"/>
      </file>
    </package>
    <file name="/app/src/Domain/User/Auth/AuthenticationProviderInterface.php">
      <metrics loc="12" ncloc="12" classes="0" methods="0" coveredmethods="0" conditionals="0" coveredconditionals="0" statements="0" coveredstatements="0" elements="0" coveredelements="0"/>
    </file>
    <file name="/app/src/Domain/User/Auth/SessionInterface.php">
      <metrics loc="17" ncloc="14" classes="0" methods="0" coveredmethods="0" conditionals="0" coveredconditionals="0" statements="0" coveredstatements="0" elements="0" coveredelements="0"/>
    </file>
    <package name="App\Domain\User\Event">
      <file name="/app/src/Domain/User/Event/UserEmailChanged.php">
        <class name="App\Domain\User\Event\UserEmailChanged" namespace="App\Domain\User\Event">
          <metrics complexity="3" methods="3" coveredmethods="3" conditionals="0" coveredconditionals="0" statements="10" coveredstatements="10" elements="13" coveredelements="13"/>
        </class>
        <line num="18" type="method" name="deserialize" visibility="public" complexity="1" crap="1" count="3"/>
        <line num="20" type="stmt" count="3"/>
        <line num="21" type="stmt" count="2"/>
        <line num="23" type="stmt" count="2"/>
        <line num="24" type="stmt" count="2"/>
        <line num="25" type="stmt" count="2"/>
        <line num="29" type="method" name="serialize" visibility="public" complexity="1" crap="1" count="3"/>
        <line num="32" type="stmt" count="3"/>
        <line num="33" type="stmt" count="3"/>
        <line num="37" type="method" name="__construct" visibility="public" complexity="1" crap="1" count="5"/>
        <line num="39" type="stmt" count="5"/>
        <line num="40" type="stmt" count="5"/>
        <line num="41" type="stmt" count="5"/>
        <metrics loc="52" ncloc="43" classes="1" methods="3" coveredmethods="3" conditionals="0" coveredconditionals="0" statements="10" coveredstatements="10" elements="13" coveredelements="13"/>
      </file>
      <file name="/app/src/Domain/User/Event/UserSignedIn.php">
        <class name="App\Domain\User\Event\UserSignedIn" namespace="App\Domain\User\Event">
          <metrics complexity="3" methods="3" coveredmethods="3" conditionals="0" coveredconditionals="0" statements="11" coveredstatements="11" elements="14" coveredelements="14"/>
        </class>
        <line num="15" type="method" name="create" visibility="public" complexity="1" crap="1" count="15"/>
        <line num="17" type="stmt" count="15"/>
        <line num="19" type="stmt" count="15"/>
        <line num="20" type="stmt" count="15"/>
        <line num="22" type="stmt" count="15"/>
        <line num="28" type="method" name="deserialize" visibility="public" complexity="1" crap="1" count="4"/>
        <line num="30" type="stmt" count="4"/>
        <line num="31" type="stmt" count="3"/>
        <line num="33" type="stmt" count="3"/>
        <line num="34" type="stmt" count="3"/>
        <line num="35" type="stmt" count="3"/>
        <line num="39" type="method" name="serialize" visibility="public" complexity="1" crap="1" count="14"/>
        <line num="42" type="stmt" count="14"/>
        <line num="43" type="stmt" count="14"/>
        <metrics loc="52" ncloc="47" classes="1" methods="3" coveredmethods="3" conditionals="0" coveredconditionals="0" statements="11" coveredstatements="11" elements="14" coveredelements="14"/>
      </file>
      <file name="/app/src/Domain/User/Event/UserWasCreated.php">
        <class name="App\Domain\User\Event\UserWasCreated" namespace="App\Domain\User\Event">
          <metrics complexity="3" methods="3" coveredmethods="3" conditionals="0" coveredconditionals="0" statements="13" coveredstatements="13" elements="16" coveredelements="16"/>
        </class>
        <line num="20" type="method" name="deserialize" visibility="public" complexity="1" crap="1" count="17"/>
        <line num="22" type="stmt" count="17"/>
        <line num="23" type="stmt" count="17"/>
        <line num="25" type="stmt" count="17"/>
        <line num="26" type="stmt" count="17"/>
        <line num="27" type="stmt" count="17"/>
        <line num="28" type="stmt" count="17"/>
        <line num="29" type="stmt" count="17"/>
        <line num="34" type="method" name="serialize" visibility="public" complexity="1" crap="1" count="26"/>
        <line num="37" type="stmt" count="26"/>
        <line num="39" type="stmt" count="26"/>
        <line num="40" type="stmt" count="26"/>
        <line num="45" type="method" name="__construct" visibility="public" complexity="1" crap="1" count="29"/>
        <line num="47" type="stmt" count="29"/>
        <line num="48" type="stmt" count="29"/>
        <line num="49" type="stmt" count="29"/>
        <metrics loc="60" ncloc="51" classes="1" methods="3" coveredmethods="3" conditionals="0" coveredconditionals="0" statements="13" coveredstatements="13" elements="16" coveredelements="16"/>
      </file>
    </package>
    <package name="App\Domain\User\Exception">
      <file name="/app/src/Domain/User/Exception/EmailAlreadyExistException.php">
        <class name="App\Domain\User\Exception\EmailAlreadyExistException" namespace="App\Domain\User\Exception">
          <metrics complexity="0" methods="0" coveredmethods="0" conditionals="0" coveredconditionals="0" statements="0" coveredstatements="0" elements="0" coveredelements="0"/>
        </class>
        <metrics loc="9" ncloc="9" classes="0" methods="0" coveredmethods="0" conditionals="0" coveredconditionals="0" statements="0" coveredstatements="0" elements="0" coveredelements="0"/>
      </file>
      <file name="/app/src/Domain/User/Exception/ForbiddenException.php">
        <class name="App\Domain\User\Exception\ForbiddenException" namespace="App\Domain\User\Exception">
          <metrics complexity="0" methods="0" coveredmethods="0" conditionals="0" coveredconditionals="0" statements="0" coveredstatements="0" elements="0" coveredelements="0"/>
        </class>
        <metrics loc="9" ncloc="9" classes="0" methods="0" coveredmethods="0" conditionals="0" coveredconditionals="0" statements="0" coveredstatements="0" elements="0" coveredelements="0"/>
      </file>
      <file name="/app/src/Domain/User/Exception/InvalidCredentialsException.php">
        <class name="App\Domain\User\Exception\InvalidCredentialsException" namespace="App\Domain\User\Exception">
          <metrics complexity="0" methods="0" coveredmethods="0" conditionals="0" coveredconditionals="0" statements="0" coveredstatements="0" elements="0" coveredelements="0"/>
        </class>
        <metrics loc="9" ncloc="9" classes="0" methods="0" coveredmethods="0" conditionals="0" coveredconditionals="0" statements="0" coveredstatements="0" elements="0" coveredelements="0"/>
      </file>
    </package>
    <package name="App\Domain\User\Factory">
      <file name="/app/src/Domain/User/Factory/UserFactory.php">
        <class name="App\Domain\User\Factory\UserFactory" namespace="App\Domain\User\Factory">
          <metrics complexity="3" methods="2" coveredmethods="2" conditionals="0" coveredconditionals="0" statements="5" coveredstatements="5" elements="7" coveredelements="7"/>
        </class>
        <line num="15" type="method" name="register" visibility="public" complexity="2" crap="2" count="26"/>
        <line num="17" type="stmt" count="26"/>
        <line num="18" type="stmt" count="2"/>
        <line num="21" type="stmt" count="25"/>
        <line num="24" type="method" name="__construct" visibility="public" complexity="1" crap="1" count="26"/>
        <line num="26" type="stmt" count="26"/>
        <line num="27" type="stmt" count="26"/>
        <metrics loc="33" ncloc="30" classes="1" methods="2" coveredmethods="2" conditionals="0" coveredconditionals="0" statements="5" coveredstatements="5" elements="7" coveredelements="7"/>
      </file>
    </package>
    <file name="/app/src/Domain/User/Query/Projections/UserViewInterface.php">
      <metrics loc="18" ncloc="18" classes="0" methods="0" coveredmethods="0" conditionals="0" coveredconditionals="0" statements="0" coveredstatements="0" elements="0" coveredelements="0"/>
    </file>
    <file name="/app/src/Domain/User/Query/Repository/UserReadModelRepositoryInterface.php">
      <metrics loc="18" ncloc="18" classes="0" methods="0" coveredmethods="0" conditionals="0" coveredconditionals="0" statements="0" coveredstatements="0" elements="0" coveredelements="0"/>
    </file>
    <file name="/app/src/Domain/User/Repository/CheckUserByEmailInterface.php">
      <metrics loc="11" ncloc="11" classes="0" methods="0" coveredmethods="0" conditionals="0" coveredconditionals="0" statements="0" coveredstatements="0" elements="0" coveredelements="0"/>
    </file>
    <file name="/app/src/Domain/User/Repository/UserRepositoryInterface.php">
      <metrics loc="15" ncloc="15" classes="0" methods="0" coveredmethods="0" conditionals="0" coveredconditionals="0" statements="0" coveredstatements="0" elements="0" coveredelements="0"/>
    </file>
    <package name="App\Domain\User">
      <file name="/app/src/Domain/User/User.php">
        <class name="App\Domain\User\User" namespace="App\Domain\User">
          <metrics complexity="11" methods="10" coveredmethods="10" conditionals="0" coveredconditionals="0" statements="24" coveredstatements="24" elements="34" coveredelements="34"/>
        </class>
        <line num="20" type="method" name="create" visibility="public" complexity="1" crap="1" count="27"/>
        <line num="22" type="stmt" count="27"/>
        <line num="24" type="stmt" count="27"/>
        <line num="26" type="stmt" count="27"/>
        <line num="29" type="method" name="changeEmail" visibility="public" complexity="1" crap="1" count="3"/>
        <line num="31" type="stmt" count="3"/>
        <line num="32" type="stmt" count="3"/>
        <line num="37" type="method" name="signIn" visibility="public" complexity="2" crap="2" count="14"/>
        <line num="39" type="stmt" count="14"/>
        <line num="41" type="stmt" count="14"/>
        <line num="42" type="stmt" count="1"/>
        <line num="45" type="stmt" count="13"/>
        <line num="46" type="stmt" count="13"/>
        <line num="48" type="method" name="applyUserWasCreated" visibility="protected" complexity="1" crap="1" count="27"/>
        <line num="50" type="stmt" count="27"/>
        <line num="52" type="stmt" count="27"/>
        <line num="53" type="stmt" count="27"/>
        <line num="54" type="stmt" count="27"/>
        <line num="59" type="method" name="applyUserEmailChanged" visibility="protected" complexity="1" crap="1" count="3"/>
        <line num="61" type="stmt" count="3"/>
        <line num="63" type="stmt" count="3"/>
        <line num="64" type="stmt" count="3"/>
        <line num="66" type="method" name="setEmail" visibility="private" complexity="1" crap="1" count="27"/>
        <line num="68" type="stmt" count="27"/>
        <line num="69" type="stmt" count="27"/>
        <line num="71" type="method" name="setHashedPassword" visibility="private" complexity="1" crap="1" count="27"/>
        <line num="73" type="stmt" count="27"/>
        <line num="74" type="stmt" count="27"/>
        <line num="76" type="method" name="email" visibility="public" complexity="1" crap="1" count="3"/>
        <line num="78" type="stmt" count="3"/>
        <line num="81" type="method" name="uuid" visibility="public" complexity="1" crap="1" count="2"/>
        <line num="83" type="stmt" count="2"/>
        <line num="86" type="method" name="getAggregateRootId" visibility="public" complexity="1" crap="1" count="27"/>
        <line num="88" type="stmt" count="27"/>
        <metrics loc="99" ncloc="90" classes="1" methods="10" coveredmethods="10" conditionals="0" coveredconditionals="0" statements="24" coveredstatements="24" elements="34" coveredelements="34"/>
      </file>
    </package>
    <package name="App\Domain\User\ValueObject\Auth">
      <file name="/app/src/Domain/User/ValueObject/Auth/Credentials.php">
        <class name="App\Domain\User\ValueObject\Auth\Credentials" namespace="App\Domain\User\ValueObject\Auth">
          <metrics complexity="1" methods="1" coveredmethods="1" conditionals="0" coveredconditionals="0" statements="3" coveredstatements="3" elements="4" coveredelements="4"/>
        </class>
        <line num="21" type="method" name="__construct" visibility="public" complexity="1" crap="1" count="32"/>
        <line num="23" type="stmt" count="32"/>
        <line num="24" type="stmt" count="32"/>
        <line num="25" type="stmt" count="32"/>
        <metrics loc="26" ncloc="20" classes="1" methods="1" coveredmethods="1" conditionals="0" coveredconditionals="0" statements="3" coveredstatements="3" elements="4" coveredelements="4"/>
      </file>
      <file name="/app/src/Domain/User/ValueObject/Auth/HashedPassword.php">
        <class name="App\Domain\User\ValueObject\Auth\HashedPassword" namespace="App\Domain\User\ValueObject\Auth">
          <metrics complexity="8" methods="8" coveredmethods="8" conditionals="0" coveredconditionals="0" statements="15" coveredstatements="15" elements="23" coveredelements="23"/>
        </class>
        <line num="14" type="method" name="encode" visibility="public" complexity="1" crap="1" count="31"/>
        <line num="16" type="stmt" count="31"/>
        <line num="18" type="stmt" count="31"/>
        <line num="20" type="stmt" count="30"/>
        <line num="23" type="method" name="fromHash" visibility="public" complexity="1" crap="1" count="29"/>
        <line num="25" type="stmt" count="29"/>
        <line num="27" type="stmt" count="29"/>
        <line num="29" type="stmt" count="29"/>
        <line num="32" type="method" name="match" visibility="public" complexity="1" crap="1" count="16"/>
        <line num="34" type="stmt" count="16"/>
        <line num="40" type="method" name="hash" visibility="private" complexity="1" crap="1" count="31"/>
        <line num="42" type="stmt" count="31"/>
        <line num="44" type="stmt" count="30"/>
        <line num="45" type="stmt" count="30"/>
        <line num="47" type="method" name="toString" visibility="public" complexity="1" crap="1" count="26"/>
        <line num="49" type="stmt" count="26"/>
        <line num="52" type="method" name="__toString" visibility="public" complexity="1" crap="1" count="25"/>
        <line num="54" type="stmt" count="25"/>
        <line num="60" type="method" name="validate" visibility="private" complexity="1" crap="1" count="31"/>
        <line num="62" type="stmt" count="31"/>
        <line num="63" type="stmt" count="30"/>
        <line num="65" type="method" name="__construct" visibility="private" complexity="1" crap="1" count="35"/>
        <line num="67" type="stmt" count="35"/>
        <metrics loc="73" ncloc="63" classes="1" methods="8" coveredmethods="8" conditionals="0" coveredconditionals="0" statements="15" coveredstatements="15" elements="23" coveredelements="23"/>
      </file>
    </package>
    <package name="App\Domain\User\ValueObject">
      <file name="/app/src/Domain/User/ValueObject/Email.php">
        <class name="App\Domain\User\ValueObject\Email" namespace="App\Domain\User\ValueObject">
          <metrics complexity="4" methods="4" coveredmethods="4" conditionals="0" coveredconditionals="0" statements="7" coveredstatements="7" elements="11" coveredelements="11"/>
        </class>
        <line num="14" type="method" name="fromString" visibility="public" complexity="1" crap="1" count="42"/>
        <line num="16" type="stmt" count="42"/>
        <line num="18" type="stmt" count="39"/>
        <line num="20" type="stmt" count="39"/>
        <line num="22" type="stmt" count="39"/>
        <line num="25" type="method" name="toString" visibility="public" complexity="1" crap="1" count="34"/>
        <line num="27" type="stmt" count="34"/>
        <line num="30" type="method" name="__toString" visibility="public" complexity="1" crap="1" count="28"/>
        <line num="32" type="stmt" count="28"/>
        <line num="35" type="method" name="__construct" visibility="private" complexity="1" crap="1" count="39"/>
        <line num="37" type="stmt" count="39"/>
        <metrics loc="41" ncloc="37" classes="1" methods="4" coveredmethods="4" conditionals="0" coveredconditionals="0" statements="7" coveredstatements="7" elements="11" coveredelements="11"/>
      </file>
    </package>
    <package name="App\Infrastructure\Share\Event\Consumer">
      <file name="/app/src/Infrastructure/Share/Event/Consumer/SendEventsToElasticConsumer.php">
        <class name="App\Infrastructure\Share\Event\Consumer\SendEventsToElasticConsumer" namespace="App\Infrastructure\Share\Event\Consumer">
          <metrics complexity="2" methods="2" coveredmethods="2" conditionals="0" coveredconditionals="0" statements="4" coveredstatements="4" elements="6" coveredelements="6"/>
        </class>
        <line num="13" type="method" name="execute" visibility="public" complexity="1" crap="1" count="5"/>
        <line num="15" type="stmt" count="5"/>
        <line num="16" type="stmt" count="5"/>
        <line num="18" type="method" name="__construct" visibility="public" complexity="1" crap="1" count="5"/>
        <line num="20" type="stmt" count="5"/>
        <line num="21" type="stmt" count="5"/>
        <metrics loc="27" ncloc="24" classes="1" methods="2" coveredmethods="2" conditionals="0" coveredconditionals="0" statements="4" coveredstatements="4" elements="6" coveredelements="6"/>
      </file>
    </package>
    <package name="App\Infrastructure\Share\Event\Publisher">
      <file name="/app/src/Infrastructure/Share/Event/Publisher/AsyncEventPublisher.php">
        <class name="App\Infrastructure\Share\Event\Publisher\AsyncEventPublisher" namespace="App\Infrastructure\Share\Event\Publisher">
          <metrics complexity="6" methods="4" coveredmethods="3" conditionals="0" coveredconditionals="0" statements="11" coveredstatements="9" elements="15" coveredelements="12"/>
        </class>
        <line num="16" type="method" name="publish" visibility="public" complexity="3" crap="3" count="29"/>
        <line num="18" type="stmt" count="29"/>
        <line num="19" type="stmt" count="23"/>
        <line num="22" type="stmt" count="19"/>
        <line num="23" type="stmt" count="19"/>
        <line num="25" type="stmt" count="19"/>
        <line num="27" type="method" name="handle" visibility="public" complexity="1" crap="1" count="25"/>
        <line num="29" type="stmt" count="25"/>
        <line num="30" type="stmt" count="25"/>
        <line num="32" type="method" name="getSubscribedEvents" visibility="public" complexity="1" crap="2" count="0"/>
        <line num="35" type="stmt" count="0"/>
        <line num="36" type="stmt" count="0"/>
        <line num="40" type="method" name="__construct" visibility="public" complexity="1" crap="1" count="35"/>
        <line num="42" type="stmt" count="35"/>
        <line num="43" type="stmt" count="35"/>
        <metrics loc="52" ncloc="48" classes="1" methods="4" coveredmethods="3" conditionals="0" coveredconditionals="0" statements="11" coveredstatements="9" elements="15" coveredelements="12"/>
      </file>
    </package>
    <file name="/app/src/Infrastructure/Share/Event/Publisher/EventPublisher.php">
      <metrics loc="14" ncloc="14" classes="0" methods="0" coveredmethods="0" conditionals="0" coveredconditionals="0" statements="0" coveredstatements="0" elements="0" coveredelements="0"/>
    </file>
    <package name="App\Infrastructure\Share\Event\Query">
      <file name="/app/src/Infrastructure/Share/Event/Query/EventElasticRepository.php">
        <class name="App\Infrastructure\Share\Event\Query\EventElasticRepository" namespace="App\Infrastructure\Share\Event\Query">
          <metrics complexity="2" methods="2" coveredmethods="2" conditionals="0" coveredconditionals="0" statements="7" coveredstatements="7" elements="9" coveredelements="9"/>
        </class>
        <line num="15" type="method" name="store" visibility="public" complexity="1" crap="1" count="6"/>
        <line num="18" type="stmt" count="6"/>
        <line num="19" type="stmt" count="6"/>
        <line num="20" type="stmt" count="6"/>
        <line num="23" type="stmt" count="6"/>
        <line num="24" type="stmt" count="6"/>
        <line num="26" type="method" name="__construct" visibility="public" complexity="1" crap="1" count="6"/>
        <line num="28" type="stmt" count="6"/>
        <line num="29" type="stmt" count="6"/>
        <metrics loc="30" ncloc="30" classes="1" methods="2" coveredmethods="2" conditionals="0" coveredconditionals="0" statements="7" coveredstatements="7" elements="9" coveredelements="9"/>
      </file>
    </package>
    <package name="App\Infrastructure\Share\Query\Repository">
      <file name="/app/src/Infrastructure/Share/Query/Repository/ElasticRepository.php">
        <class name="App\Infrastructure\Share\Query\Repository\ElasticRepository" namespace="App\Infrastructure\Share\Query\Repository">
          <metrics complexity="10" methods="7" coveredmethods="7" conditionals="0" coveredconditionals="0" statements="28" coveredstatements="28" elements="35" coveredelements="35"/>
        </class>
        <line num="13" type="method" name="search" visibility="public" complexity="1" crap="1" count="1"/>
        <line num="15" type="stmt" count="1"/>
        <line num="17" type="stmt" count="1"/>
        <line num="18" type="stmt" count="1"/>
        <line num="20" type="stmt" count="1"/>
        <line num="23" type="method" name="refresh" visibility="public" complexity="2" crap="2" count="6"/>
        <line num="25" type="stmt" count="6"/>
        <line num="26" type="stmt" count="6"/>
        <line num="28" type="stmt" count="6"/>
        <line num="30" type="method" name="delete" visibility="public" complexity="2" crap="2" count="6"/>
        <line num="32" type="stmt" count="6"/>
        <line num="33" type="stmt" count="6"/>
        <line num="35" type="stmt" count="6"/>
        <line num="37" type="method" name="boot" visibility="public" complexity="2" crap="2" count="4"/>
        <line num="39" type="stmt" count="4"/>
        <line num="40" type="stmt" count="4"/>
        <line num="42" type="stmt" count="4"/>
        <line num="44" type="method" name="add" visibility="protected" complexity="1" crap="1" count="6"/>
        <line num="46" type="stmt" count="6"/>
        <line num="47" type="stmt" count="6"/>
        <line num="48" type="stmt" count="6"/>
        <line num="50" type="stmt" count="6"/>
        <line num="53" type="method" name="page" visibility="public" complexity="1" crap="1" count="3"/>
        <line num="55" type="stmt" count="3"/>
        <line num="57" type="stmt" count="3"/>
        <line num="59" type="stmt" count="3"/>
        <line num="60" type="stmt" count="3"/>
        <line num="61" type="stmt" count="3"/>
        <line num="63" type="stmt" count="3"/>
        <line num="66" type="stmt" count="3"/>
        <line num="67" type="stmt" count="3"/>
        <line num="71" type="method" name="__construct" visibility="public" complexity="1" crap="1" count="6"/>
        <line num="73" type="stmt" count="6"/>
        <line num="74" type="stmt" count="6"/>
        <line num="75" type="stmt" count="6"/>
        <metrics loc="82" ncloc="78" classes="1" methods="7" coveredmethods="7" conditionals="0" coveredconditionals="0" statements="28" coveredstatements="28" elements="35" coveredelements="35"/>
      </file>
      <file name="/app/src/Infrastructure/Share/Query/Repository/MysqlRepository.php">
        <class name="App\Infrastructure\Share\Query\Repository\MysqlRepository" namespace="App\Infrastructure\Share\Query\Repository">
          <metrics complexity="6" methods="5" coveredmethods="5" conditionals="0" coveredconditionals="0" statements="16" coveredstatements="16" elements="21" coveredelements="21"/>
        </class>
        <line num="14" type="method" name="register" visibility="public" complexity="1" crap="1" count="24"/>
        <line num="16" type="stmt" count="24"/>
        <line num="17" type="stmt" count="24"/>
        <line num="18" type="stmt" count="24"/>
        <line num="20" type="method" name="apply" visibility="public" complexity="1" crap="1" count="24"/>
        <line num="22" type="stmt" count="24"/>
        <line num="23" type="stmt" count="24"/>
        <line num="29" type="method" name="oneOrException" visibility="protected" complexity="2" crap="2" count="15"/>
        <line num="32" type="stmt" count="15"/>
        <line num="33" type="stmt" count="15"/>
        <line num="36" type="stmt" count="15"/>
        <line num="37" type="stmt" count="1"/>
        <line num="40" type="stmt" count="15"/>
        <line num="43" type="method" name="setRepository" visibility="private" complexity="1" crap="1" count="26"/>
        <line num="46" type="stmt" count="26"/>
        <line num="47" type="stmt" count="26"/>
        <line num="48" type="stmt" count="26"/>
        <line num="50" type="method" name="__construct" visibility="public" complexity="1" crap="1" count="26"/>
        <line num="52" type="stmt" count="26"/>
        <line num="53" type="stmt" count="26"/>
        <line num="54" type="stmt" count="26"/>
        <metrics loc="66" ncloc="56" classes="1" methods="5" coveredmethods="5" conditionals="0" coveredconditionals="0" statements="16" coveredstatements="16" elements="21" coveredelements="21"/>
      </file>
    </package>
    <package name="App\Infrastructure\User\Auth">
      <file name="/app/src/Infrastructure/User/Auth/Auth.php">
        <class name="App\Infrastructure\User\Auth\Auth" namespace="App\Infrastructure\User\Auth">
          <metrics complexity="10" methods="10" coveredmethods="8" conditionals="0" coveredconditionals="0" statements="11" coveredstatements="9" elements="21" coveredelements="17"/>
        </class>
        <line num="14" type="method" name="fromUser" visibility="public" complexity="1" crap="1" count="12"/>
        <line num="16" type="stmt" count="12"/>
        <line num="19" type="method" name="getUsername" visibility="public" complexity="1" crap="1" count="12"/>
        <line num="21" type="stmt" count="12"/>
        <line num="24" type="method" name="getPassword" visibility="public" complexity="1" crap="1" count="2"/>
        <line num="26" type="stmt" count="2"/>
        <line num="29" type="method" name="getRoles" visibility="public" complexity="1" crap="1" count="12"/>
        <line num="32" type="stmt" count="12"/>
        <line num="36" type="method" name="getSalt" visibility="public" complexity="1" crap="1" count="2"/>
        <line num="38" type="stmt" count="2"/>
        <line num="40" type="method" name="eraseCredentials" visibility="public" complexity="1" crap="1" count="12"/>
        <line num="43" type="stmt" count="12"/>
        <line num="45" type="method" name="getEncoderName" visibility="public" complexity="1" crap="2" count="0"/>
        <line num="47" type="stmt" count="0"/>
        <line num="50" type="method" name="uuid" visibility="public" complexity="1" crap="1" count="3"/>
        <line num="52" type="stmt" count="3"/>
        <line num="55" type="method" name="__toString" visibility="public" complexity="1" crap="2" count="0"/>
        <line num="57" type="stmt" count="0"/>
        <line num="60" type="method" name="__construct" visibility="private" complexity="1" crap="1" count="12"/>
        <line num="62" type="stmt" count="12"/>
        <line num="63" type="stmt" count="12"/>
        <metrics loc="67" ncloc="64" classes="1" methods="10" coveredmethods="8" conditionals="0" coveredconditionals="0" statements="11" coveredstatements="9" elements="21" coveredelements="17"/>
      </file>
      <file name="/app/src/Infrastructure/User/Auth/AuthProvider.php">
        <class name="App\Infrastructure\User\Auth\AuthProvider" namespace="App\Infrastructure\User\Auth">
          <metrics complexity="4" methods="4" coveredmethods="3" conditionals="0" coveredconditionals="0" statements="6" coveredstatements="5" elements="10" coveredelements="8"/>
        </class>
        <line num="18" type="method" name="loadUserByUsername" visibility="public" complexity="1" crap="1" count="12"/>
        <line num="21" type="stmt" count="12"/>
        <line num="23" type="stmt" count="12"/>
        <line num="29" type="method" name="refreshUser" visibility="public" complexity="1" crap="1" count="2"/>
        <line num="31" type="stmt" count="2"/>
        <line num="34" type="method" name="supportsClass" visibility="public" complexity="1" crap="2" count="0"/>
        <line num="36" type="stmt" count="0"/>
        <line num="39" type="method" name="__construct" visibility="public" complexity="1" crap="1" count="13"/>
        <line num="41" type="stmt" count="13"/>
        <line num="42" type="stmt" count="13"/>
        <metrics loc="48" ncloc="38" classes="1" methods="4" coveredmethods="3" conditionals="0" coveredconditionals="0" statements="6" coveredstatements="5" elements="10" coveredelements="8"/>
      </file>
      <file name="/app/src/Infrastructure/User/Auth/AuthenticationProvider.php">
        <class name="App\Infrastructure\User\Auth\AuthenticationProvider" namespace="App\Infrastructure\User\Auth">
          <metrics complexity="2" methods="2" coveredmethods="2" conditionals="0" coveredconditionals="0" statements="4" coveredstatements="4" elements="6" coveredelements="6"/>
        </class>
        <line num="13" type="method" name="generateToken" visibility="public" complexity="1" crap="1" count="10"/>
        <line num="15" type="stmt" count="10"/>
        <line num="17" type="stmt" count="10"/>
        <line num="20" type="method" name="__construct" visibility="public" complexity="1" crap="1" count="10"/>
        <line num="22" type="stmt" count="10"/>
        <line num="23" type="stmt" count="10"/>
        <metrics loc="29" ncloc="26" classes="1" methods="2" coveredmethods="2" conditionals="0" coveredconditionals="0" statements="4" coveredstatements="4" elements="6" coveredelements="6"/>
      </file>
      <file name="/app/src/Infrastructure/User/Auth/Session.php">
        <class name="App\Infrastructure\User\Auth\Session" namespace="App\Infrastructure\User\Auth">
          <metrics complexity="5" methods="3" coveredmethods="2" conditionals="0" coveredconditionals="0" statements="11" coveredstatements="9" elements="14" coveredelements="11"/>
        </class>
        <line num="13" type="method" name="get" visibility="public" complexity="3" crap="3.14" count="3"/>
        <line num="15" type="stmt" count="3"/>
        <line num="17" type="stmt" count="3"/>
        <line num="18" type="stmt" count="0"/>
        <line num="21" type="stmt" count="3"/>
        <line num="23" type="stmt" count="3"/>
        <line num="24" type="stmt" count="0"/>
        <line num="28" type="stmt" count="3"/>
        <line num="29" type="stmt" count="3"/>
        <line num="33" type="method" name="sameByUuid" visibility="public" complexity="1" crap="1" count="3"/>
        <line num="35" type="stmt" count="3"/>
        <line num="38" type="method" name="__construct" visibility="public" complexity="1" crap="1" count="3"/>
        <line num="40" type="stmt" count="3"/>
        <line num="41" type="stmt" count="3"/>
        <metrics loc="47" ncloc="44" classes="1" methods="3" coveredmethods="2" conditionals="0" coveredconditionals="0" statements="11" coveredstatements="9" elements="14" coveredelements="11"/>
      </file>
    </package>
    <package name="App\Infrastructure\User\Auth\Guard">
      <file name="/app/src/Infrastructure/User/Auth/Guard/LoginAuthenticator.php">
        <class name="App\Infrastructure\User\Auth\Guard\LoginAuthenticator" namespace="App\Infrastructure\User\Auth\Guard">
          <metrics complexity="11" methods="7" coveredmethods="7" conditionals="0" coveredconditionals="0" statements="19" coveredstatements="19" elements="26" coveredelements="26"/>
        </class>
        <line num="35" type="method" name="supports" visibility="public" complexity="2" crap="2" count="10"/>
        <line num="37" type="stmt" count="10"/>
        <line num="62" type="method" name="getCredentials" visibility="public" complexity="1" crap="1" count="3"/>
        <line num="65" type="stmt" count="3"/>
        <line num="66" type="stmt" count="3"/>
        <line num="82" type="method" name="getUser" visibility="public" complexity="3" crap="3" count="3"/>
        <line num="85" type="stmt" count="3"/>
        <line num="86" type="stmt" count="3"/>
        <line num="88" type="stmt" count="3"/>
        <line num="90" type="stmt" count="3"/>
        <line num="93" type="stmt" count="2"/>
        <line num="95" type="stmt" count="2"/>
        <line num="97" type="stmt" count="2"/>
        <line num="98" type="stmt" count="1"/>
        <line num="99" type="stmt" count="1"/>
        <line num="116" type="method" name="checkCredentials" visibility="public" complexity="1" crap="1" count="2"/>
        <line num="118" type="stmt" count="2"/>
        <line num="132" type="method" name="onAuthenticationSuccess" visibility="public" complexity="2" crap="2" count="2"/>
        <line num="134" type="stmt" count="2"/>
        <line num="137" type="method" name="getLoginUrl" visibility="protected" complexity="1" crap="1" count="1"/>
        <line num="139" type="stmt" count="1"/>
        <line num="142" type="method" name="__construct" visibility="public" complexity="1" crap="1" count="10"/>
        <line num="144" type="stmt" count="10"/>
        <line num="145" type="stmt" count="10"/>
        <line num="146" type="stmt" count="10"/>
        <line num="147" type="stmt" count="10"/>
        <metrics loc="163" ncloc="89" classes="1" methods="7" coveredmethods="7" conditionals="0" coveredconditionals="0" statements="19" coveredstatements="19" elements="26" coveredelements="26"/>
      </file>
    </package>
    <package name="App\Infrastructure\User\Query\Mysql">
      <file name="/app/src/Infrastructure/User/Query/Mysql/MysqlUserReadModelRepository.php">
        <class name="App\Infrastructure\User\Query\Mysql\MysqlUserReadModelRepository" namespace="App\Infrastructure\User\Query\Mysql">
          <metrics complexity="6" methods="5" coveredmethods="5" conditionals="0" coveredconditionals="0" statements="23" coveredstatements="23" elements="28" coveredelements="28"/>
        </class>
        <line num="22" type="method" name="oneByUuid" visibility="public" complexity="1" crap="1" count="2"/>
        <line num="24" type="stmt" count="2"/>
        <line num="25" type="stmt" count="2"/>
        <line num="26" type="stmt" count="2"/>
        <line num="27" type="stmt" count="2"/>
        <line num="30" type="stmt" count="2"/>
        <line num="36" type="method" name="existsEmail" visibility="public" complexity="2" crap="2" count="26"/>
        <line num="38" type="stmt" count="26"/>
        <line num="39" type="stmt" count="26"/>
        <line num="40" type="stmt" count="26"/>
        <line num="41" type="stmt" count="26"/>
        <line num="42" type="stmt" count="26"/>
        <line num="43" type="stmt" count="26"/>
        <line num="44" type="stmt" count="26"/>
        <line num="47" type="stmt" count="26"/>
        <line num="54" type="method" name="oneByEmail" visibility="public" complexity="1" crap="1" count="14"/>
        <line num="56" type="stmt" count="14"/>
        <line num="57" type="stmt" count="14"/>
        <line num="58" type="stmt" count="14"/>
        <line num="59" type="stmt" count="14"/>
        <line num="62" type="stmt" count="14"/>
        <line num="65" type="method" name="add" visibility="public" complexity="1" crap="1" count="24"/>
        <line num="67" type="stmt" count="24"/>
        <line num="68" type="stmt" count="24"/>
        <line num="70" type="method" name="__construct" visibility="public" complexity="1" crap="1" count="26"/>
        <line num="72" type="stmt" count="26"/>
        <line num="73" type="stmt" count="26"/>
        <line num="74" type="stmt" count="26"/>
        <metrics loc="75" ncloc="64" classes="1" methods="5" coveredmethods="5" conditionals="0" coveredconditionals="0" statements="23" coveredstatements="23" elements="28" coveredelements="28"/>
      </file>
    </package>
    <package name="App\Infrastructure\User\Query\Projections">
      <file name="/app/src/Infrastructure/User/Query/Projections/UserView.php">
        <class name="App\Infrastructure\User\Query\Projections\UserView" namespace="App\Infrastructure\User\Query\Projections">
          <metrics complexity="8" methods="8" coveredmethods="8" conditionals="0" coveredconditionals="0" statements="15" coveredstatements="15" elements="23" coveredelements="23"/>
        </class>
        <line num="17" type="method" name="fromSerializable" visibility="public" complexity="1" crap="1" count="24"/>
        <line num="19" type="stmt" count="24"/>
        <line num="25" type="method" name="deserialize" visibility="public" complexity="1" crap="1" count="26"/>
        <line num="27" type="stmt" count="26"/>
        <line num="29" type="stmt" count="26"/>
        <line num="30" type="stmt" count="26"/>
        <line num="31" type="stmt" count="26"/>
        <line num="32" type="stmt" count="26"/>
        <line num="35" type="stmt" count="26"/>
        <line num="38" type="method" name="serialize" visibility="public" complexity="1" crap="1" count="6"/>
        <line num="41" type="stmt" count="6"/>
        <line num="43" type="stmt" count="6"/>
        <line num="48" type="method" name="uuid" visibility="public" complexity="1" crap="1" count="3"/>
        <line num="50" type="stmt" count="3"/>
        <line num="53" type="method" name="email" visibility="public" complexity="1" crap="1" count="14"/>
        <line num="55" type="stmt" count="14"/>
        <line num="58" type="method" name="changeEmail" visibility="public" complexity="1" crap="1" count="2"/>
        <line num="60" type="stmt" count="2"/>
        <line num="61" type="stmt" count="2"/>
        <line num="63" type="method" name="hashedPassword" visibility="public" complexity="1" crap="1" count="2"/>
        <line num="65" type="stmt" count="2"/>
        <line num="68" type="method" name="getId" visibility="public" complexity="1" crap="1" count="6"/>
        <line num="70" type="stmt" count="6"/>
        <metrics loc="78" ncloc="73" classes="1" methods="8" coveredmethods="8" conditionals="0" coveredconditionals="0" statements="15" coveredstatements="15" elements="23" coveredelements="23"/>
      </file>
    </package>
    <package name="App\Infrastructure\User\Query">
      <file name="/app/src/Infrastructure/User/Query/UserReadProjectionFactory.php">
        <class name="App\Infrastructure\User\Query\UserReadProjectionFactory" namespace="App\Infrastructure\User\Query">
          <metrics complexity="3" methods="3" coveredmethods="3" conditionals="0" coveredconditionals="0" statements="9" coveredstatements="9" elements="12" coveredelements="12"/>
        </class>
        <line num="18" type="method" name="applyUserWasCreated" visibility="protected" complexity="1" crap="1" count="24"/>
        <line num="20" type="stmt" count="24"/>
        <line num="22" type="stmt" count="24"/>
        <line num="23" type="stmt" count="24"/>
        <line num="25" type="method" name="applyUserEmailChanged" visibility="protected" complexity="1" crap="1" count="2"/>
        <line num="28" type="stmt" count="2"/>
        <line num="30" type="stmt" count="2"/>
        <line num="32" type="stmt" count="2"/>
        <line num="33" type="stmt" count="2"/>
        <line num="35" type="method" name="__construct" visibility="public" complexity="1" crap="1" count="26"/>
        <line num="37" type="stmt" count="26"/>
        <line num="38" type="stmt" count="26"/>
        <metrics loc="42" ncloc="37" classes="1" methods="3" coveredmethods="3" conditionals="0" coveredconditionals="0" statements="9" coveredstatements="9" elements="12" coveredelements="12"/>
      </file>
    </package>
    <package name="App\Infrastructure\User\Repository">
      <file name="/app/src/Infrastructure/User/Repository/UserStore.php">
        <class name="App\Infrastructure\User\Repository\UserStore" namespace="App\Infrastructure\User\Repository">
          <metrics complexity="3" methods="3" coveredmethods="3" conditionals="0" coveredconditionals="0" statements="11" coveredstatements="11" elements="14" coveredelements="14"/>
        </class>
        <line num="17" type="method" name="store" visibility="public" complexity="1" crap="1" count="24"/>
        <line num="19" type="stmt" count="24"/>
        <line num="20" type="stmt" count="24"/>
        <line num="22" type="method" name="get" visibility="public" complexity="1" crap="1" count="15"/>
        <line num="25" type="stmt" count="15"/>
        <line num="27" type="stmt" count="15"/>
        <line num="30" type="method" name="__construct" visibility="public" complexity="1" crap="1" count="26"/>
        <line num="35" type="stmt" count="26"/>
        <line num="36" type="stmt" count="26"/>
        <line num="37" type="stmt" count="26"/>
        <line num="38" type="stmt" count="26"/>
        <line num="39" type="stmt" count="26"/>
        <line num="40" type="stmt" count="26"/>
        <line num="42" type="stmt" count="26"/>
        <metrics loc="43" ncloc="42" classes="1" methods="3" coveredmethods="3" conditionals="0" coveredconditionals="0" statements="11" coveredstatements="11" elements="14" coveredelements="14"/>
      </file>
    </package>
    <package name="App\UI\Cli\Command">
      <file name="/app/src/UI/Cli/Command/CreateUserCommand.php">
        <class name="App\UI\Cli\Command\CreateUserCommand" namespace="App\UI\Cli\Command">
          <metrics complexity="4" methods="3" coveredmethods="3" conditionals="0" coveredconditionals="0" statements="19" coveredstatements="19" elements="22" coveredelements="22"/>
        </class>
        <line num="17" type="method" name="configure" visibility="protected" complexity="1" crap="1" count="1"/>
        <line num="20" type="stmt" count="1"/>
        <line num="21" type="stmt" count="1"/>
        <line num="22" type="stmt" count="1"/>
        <line num="23" type="stmt" count="1"/>
        <line num="24" type="stmt" count="1"/>
        <line num="26" type="stmt" count="1"/>
        <line num="32" type="method" name="execute" visibility="protected" complexity="2" crap="2" count="1"/>
        <line num="34" type="stmt" count="1"/>
        <line num="35" type="stmt" count="1"/>
        <line num="36" type="stmt" count="1"/>
        <line num="37" type="stmt" count="1"/>
        <line num="40" type="stmt" count="1"/>
        <line num="42" type="stmt" count="1"/>
        <line num="43" type="stmt" count="1"/>
        <line num="44" type="stmt" count="1"/>
        <line num="45" type="stmt" count="1"/>
        <line num="46" type="stmt" count="1"/>
        <line num="48" type="method" name="__construct" visibility="public" complexity="1" crap="1" count="1"/>
        <line num="50" type="stmt" count="1"/>
        <line num="51" type="stmt" count="1"/>
        <line num="52" type="stmt" count="1"/>
        <metrics loc="58" ncloc="51" classes="1" methods="3" coveredmethods="3" conditionals="0" coveredconditionals="0" statements="19" coveredstatements="19" elements="22" coveredelements="22"/>
      </file>
    </package>
    <package name="App\UI\Http\Rest\Controller\Auth">
      <file name="/app/src/UI/Http/Rest/Controller/Auth/CheckController.php">
        <class name="App\UI\Http\Rest\Controller\Auth\CheckController" namespace="App\UI\Http\Rest\Controller\Auth">
          <metrics complexity="1" methods="1" coveredmethods="1" conditionals="0" coveredconditionals="0" statements="8" coveredstatements="8" elements="9" coveredelements="9"/>
        </class>
        <line num="56" type="method" name="__invoke" visibility="public" complexity="1" crap="1" count="12"/>
        <line num="58" type="stmt" count="12"/>
        <line num="60" type="stmt" count="12"/>
        <line num="62" type="stmt" count="12"/>
        <line num="63" type="stmt" count="12"/>
        <line num="64" type="stmt" count="12"/>
        <line num="67" type="stmt" count="11"/>
        <line num="69" type="stmt" count="10"/>
        <line num="71" type="stmt" count="10"/>
        <metrics loc="75" ncloc="38" classes="1" methods="1" coveredmethods="1" conditionals="0" coveredconditionals="0" statements="8" coveredstatements="8" elements="9" coveredelements="9"/>
      </file>
    </package>
    <package name="App\UI\Http\Rest\Controller">
      <file name="/app/src/UI/Http/Rest/Controller/CommandController.php">
        <class name="App\UI\Http\Rest\Controller\CommandController" namespace="App\UI\Http\Rest\Controller">
          <metrics complexity="2" methods="2" coveredmethods="2" conditionals="0" coveredconditionals="0" statements="4" coveredstatements="4" elements="6" coveredelements="6"/>
        </class>
        <line num="11" type="method" name="exec" visibility="protected" complexity="1" crap="1" count="2"/>
        <line num="13" type="stmt" count="2"/>
        <line num="14" type="stmt" count="2"/>
        <line num="16" type="method" name="__construct" visibility="public" complexity="1" crap="1" count="6"/>
        <line num="18" type="stmt" count="6"/>
        <line num="19" type="stmt" count="6"/>
        <metrics loc="25" ncloc="22" classes="1" methods="2" coveredmethods="2" conditionals="0" coveredconditionals="0" statements="4" coveredstatements="4" elements="6" coveredelements="6"/>
      </file>
      <file name="/app/src/UI/Http/Rest/Controller/CommandQueryController.php">
        <class name="App\UI\Http\Rest\Controller\CommandQueryController" namespace="App\UI\Http\Rest\Controller">
          <metrics complexity="2" methods="2" coveredmethods="2" conditionals="0" coveredconditionals="0" statements="5" coveredstatements="5" elements="7" coveredelements="7"/>
        </class>
        <line num="13" type="method" name="exec" visibility="protected" complexity="1" crap="1" count="11"/>
        <line num="15" type="stmt" count="11"/>
        <line num="16" type="stmt" count="10"/>
        <line num="18" type="method" name="__construct" visibility="public" complexity="1" crap="1" count="13"/>
        <line num="20" type="stmt" count="13"/>
        <line num="21" type="stmt" count="13"/>
        <line num="22" type="stmt" count="13"/>
        <metrics loc="28" ncloc="25" classes="1" methods="2" coveredmethods="2" conditionals="0" coveredconditionals="0" statements="5" coveredstatements="5" elements="7" coveredelements="7"/>
      </file>
      <file name="/app/src/UI/Http/Rest/Controller/QueryController.php">
        <class name="App\UI\Http\Rest\Controller\QueryController" namespace="App\UI\Http\Rest\Controller">
          <metrics complexity="8" methods="6" coveredmethods="5" conditionals="0" coveredconditionals="0" statements="14" coveredstatements="13" elements="20" coveredelements="18"/>
        </class>
        <line num="18" type="method" name="ask" visibility="protected" complexity="1" crap="1" count="10"/>
        <line num="20" type="stmt" count="10"/>
        <line num="23" type="method" name="jsonCollection" visibility="protected" complexity="1" crap="1" count="1"/>
        <line num="25" type="stmt" count="1"/>
        <line num="27" type="stmt" count="1"/>
        <line num="29" type="stmt" count="1"/>
        <line num="32" type="method" name="json" visibility="protected" complexity="1" crap="1" count="1"/>
        <line num="34" type="stmt" count="1"/>
        <line num="37" type="method" name="route" visibility="protected" complexity="1" crap="2" count="0"/>
        <line num="39" type="stmt" count="0"/>
        <line num="42" type="method" name="decorateWithCache" visibility="private" complexity="3" crap="3" count="1"/>
        <line num="44" type="stmt" count="1"/>
        <line num="46" type="stmt" count="1"/>
        <line num="47" type="stmt" count="1"/>
        <line num="49" type="stmt" count="1"/>
        <line num="51" type="method" name="__construct" visibility="public" complexity="1" crap="1" count="13"/>
        <line num="53" type="stmt" count="13"/>
        <line num="54" type="stmt" count="13"/>
        <line num="55" type="stmt" count="13"/>
        <line num="56" type="stmt" count="13"/>
        <metrics loc="72" ncloc="61" classes="1" methods="6" coveredmethods="5" conditionals="0" coveredconditionals="0" statements="14" coveredstatements="13" elements="20" coveredelements="18"/>
      </file>
    </package>
    <package name="App\UI\Http\Rest\Controller\Event">
      <file name="/app/src/UI/Http/Rest/Controller/Event/GetEventsController.php">
        <class name="App\UI\Http\Rest\Controller\Event\GetEventsController" namespace="App\UI\Http\Rest\Controller\Event">
          <metrics complexity="1" methods="1" coveredmethods="1" conditionals="0" coveredconditionals="0" statements="7" coveredstatements="7" elements="8" coveredelements="8"/>
        </class>
        <line num="55" type="method" name="__invoke" visibility="public" complexity="1" crap="1" count="4"/>
        <line num="57" type="stmt" count="4"/>
        <line num="58" type="stmt" count="4"/>
        <line num="60" type="stmt" count="4"/>
        <line num="61" type="stmt" count="3"/>
        <line num="63" type="stmt" count="2"/>
        <line num="66" type="stmt" count="2"/>
        <line num="68" type="stmt" count="1"/>
        <metrics loc="70" ncloc="33" classes="1" methods="1" coveredmethods="1" conditionals="0" coveredconditionals="0" statements="7" coveredstatements="7" elements="8" coveredelements="8"/>
      </file>
    </package>
    <package name="App\UI\Http\Rest\Controller\Healthz">
      <file name="/app/src/UI/Http/Rest/Controller/Healthz/HealthzController.php">
        <class name="App\UI\Http\Rest\Controller\Healthz\HealthzController" namespace="App\UI\Http\Rest\Controller\Healthz">
          <metrics complexity="1" methods="1" coveredmethods="1" conditionals="0" coveredconditionals="0" statements="1" coveredstatements="1" elements="2" coveredelements="2"/>
        </class>
        <line num="31" type="method" name="__invoke" visibility="public" complexity="1" crap="1" count="1"/>
        <line num="33" type="stmt" count="1"/>
        <metrics loc="35" ncloc="18" classes="1" methods="1" coveredmethods="1" conditionals="0" coveredconditionals="0" statements="1" coveredstatements="1" elements="2" coveredelements="2"/>
      </file>
    </package>
    <package name="App\UI\Http\Rest\Controller\User">
      <file name="/app/src/UI/Http/Rest/Controller/User/GetUserByEmailController.php">
        <class name="App\UI\Http\Rest\Controller\User\GetUserByEmailController" namespace="App\UI\Http\Rest\Controller\User">
          <metrics complexity="1" methods="1" coveredmethods="1" conditionals="0" coveredconditionals="0" statements="4" coveredstatements="4" elements="5" coveredelements="5"/>
        </class>
        <line num="49" type="method" name="__invoke" visibility="public" complexity="1" crap="1" count="3"/>
        <line num="51" type="stmt" count="3"/>
        <line num="53" type="stmt" count="3"/>
        <line num="56" type="stmt" count="2"/>
        <line num="58" type="stmt" count="1"/>
        <metrics loc="60" ncloc="28" classes="1" methods="1" coveredmethods="1" conditionals="0" coveredconditionals="0" statements="4" coveredstatements="4" elements="5" coveredelements="5"/>
      </file>
      <file name="/app/src/UI/Http/Rest/Controller/User/SignUpController.php">
        <class name="App\UI\Http\Rest\Controller\User\SignUpController" namespace="App\UI\Http\Rest\Controller\User">
          <metrics complexity="1" methods="1" coveredmethods="1" conditionals="0" coveredconditionals="0" statements="9" coveredstatements="9" elements="10" coveredelements="10"/>
        </class>
        <line num="51" type="method" name="__invoke" visibility="public" complexity="1" crap="1" count="3"/>
        <line num="53" type="stmt" count="3"/>
        <line num="54" type="stmt" count="3"/>
        <line num="55" type="stmt" count="3"/>
        <line num="57" type="stmt" count="3"/>
        <line num="58" type="stmt" count="2"/>
        <line num="59" type="stmt" count="2"/>
        <line num="61" type="stmt" count="1"/>
        <line num="63" type="stmt" count="1"/>
        <line num="65" type="stmt" count="1"/>
        <metrics loc="67" ncloc="33" classes="1" methods="1" coveredmethods="1" conditionals="0" coveredconditionals="0" statements="9" coveredstatements="9" elements="10" coveredelements="10"/>
      </file>
      <file name="/app/src/UI/Http/Rest/Controller/User/UserChangeEmailController.php">
        <class name="App\UI\Http\Rest\Controller\User\UserChangeEmailController" namespace="App\UI\Http\Rest\Controller\User">
          <metrics complexity="4" methods="3" coveredmethods="3" conditionals="0" coveredconditionals="0" statements="12" coveredstatements="12" elements="15" coveredelements="15"/>
        </class>
        <line num="60" type="method" name="__invoke" visibility="public" complexity="1" crap="1" count="3"/>
        <line num="62" type="stmt" count="3"/>
        <line num="64" type="stmt" count="2"/>
        <line num="66" type="stmt" count="2"/>
        <line num="68" type="stmt" count="2"/>
        <line num="70" type="stmt" count="1"/>
        <line num="72" type="stmt" count="1"/>
        <line num="75" type="method" name="validateUuid" visibility="private" complexity="2" crap="2" count="3"/>
        <line num="77" type="stmt" count="3"/>
        <line num="78" type="stmt" count="1"/>
        <line num="80" type="stmt" count="2"/>
        <line num="82" type="method" name="__construct" visibility="public" complexity="1" crap="1" count="3"/>
        <line num="84" type="stmt" count="3"/>
        <line num="85" type="stmt" count="3"/>
        <line num="86" type="stmt" count="3"/>
        <metrics loc="92" ncloc="50" classes="1" methods="3" coveredmethods="3" conditionals="0" coveredconditionals="0" statements="12" coveredstatements="12" elements="15" coveredelements="15"/>
      </file>
    </package>
    <package name="App\UI\Http\Rest\EventSubscriber">
      <file name="/app/src/UI/Http/Rest/EventSubscriber/ExceptionSubscriber.php">
        <class name="App\UI\Http\Rest\EventSubscriber\ExceptionSubscriber" namespace="App\UI\Http\Rest\EventSubscriber">
          <metrics complexity="14" methods="7" coveredmethods="4" conditionals="0" coveredconditionals="0" statements="42" coveredstatements="32" elements="49" coveredelements="36"/>
        </class>
        <line num="20" type="method" name="onKernelException" visibility="public" complexity="1" crap="1" count="11"/>
        <line num="22" type="stmt" count="11"/>
        <line num="24" type="stmt" count="11"/>
        <line num="25" type="stmt" count="11"/>
        <line num="26" type="stmt" count="11"/>
        <line num="27" type="stmt" count="11"/>
        <line num="29" type="stmt" count="11"/>
        <line num="30" type="stmt" count="11"/>
        <line num="32" type="method" name="getStatusCode" visibility="private" complexity="1" crap="1" count="11"/>
        <line num="34" type="stmt" count="11"/>
        <line num="37" type="method" name="getErrorMessage" visibility="private" complexity="2" crap="2.62" count="11"/>
        <line num="41" type="stmt" count="11"/>
        <line num="42" type="stmt" count="11"/>
        <line num="43" type="stmt" count="11"/>
        <line num="44" type="stmt" count="11"/>
        <line num="48" type="stmt" count="11"/>
        <line num="49" type="stmt" count="0"/>
        <line num="50" type="stmt" count="0"/>
        <line num="53" type="stmt" count="0"/>
        <line num="54" type="stmt" count="0"/>
        <line num="55" type="stmt" count="0"/>
        <line num="56" type="stmt" count="0"/>
        <line num="57" type="stmt" count="0"/>
        <line num="63" type="stmt" count="11"/>
        <line num="66" type="method" name="getExceptionMessage" visibility="private" complexity="1" crap="1" count="11"/>
        <line num="68" type="stmt" count="11"/>
        <line num="71" type="method" name="determineStatusCode" visibility="private" complexity="7" crap="7.08" count="11"/>
        <line num="74" type="stmt" count="11"/>
        <line num="77" type="stmt" count="11"/>
        <line num="78" type="stmt" count="0"/>
        <line num="80" type="stmt" count="0"/>
        <line num="81" type="stmt" count="11"/>
        <line num="82" type="stmt" count="1"/>
        <line num="84" type="stmt" count="1"/>
        <line num="85" type="stmt" count="10"/>
        <line num="86" type="stmt" count="1"/>
        <line num="88" type="stmt" count="1"/>
        <line num="89" type="stmt" count="9"/>
        <line num="90" type="stmt" count="2"/>
        <line num="92" type="stmt" count="2"/>
        <line num="93" type="stmt" count="7"/>
        <line num="94" type="stmt" count="7"/>
        <line num="96" type="stmt" count="7"/>
        <line num="99" type="stmt" count="11"/>
        <line num="102" type="method" name="getSubscribedEvents" visibility="public" complexity="1" crap="2" count="0"/>
        <line num="105" type="stmt" count="0"/>
        <line num="109" type="method" name="__construct" visibility="public" complexity="1" crap="1" count="26"/>
        <line num="111" type="stmt" count="26"/>
        <line num="112" type="stmt" count="26"/>
        <metrics loc="118" ncloc="113" classes="1" methods="7" coveredmethods="4" conditionals="0" coveredconditionals="0" statements="42" coveredstatements="32" elements="49" coveredelements="36"/>
      </file>
      <file name="/app/src/UI/Http/Rest/EventSubscriber/JsonBodyParserSubscriber.php">
        <class name="App\UI\Http\Rest\EventSubscriber\JsonBodyParserSubscriber" namespace="App\UI\Http\Rest\EventSubscriber">
          <metrics complexity="9" methods="4" coveredmethods="1" conditionals="0" coveredconditionals="0" statements="19" coveredstatements="14" elements="23" coveredelements="15"/>
        </class>
        <line num="15" type="method" name="onKernelRequest" visibility="public" complexity="4" crap="4.13" count="26"/>
        <line num="17" type="stmt" count="26"/>
        <line num="19" type="stmt" count="26"/>
        <line num="20" type="stmt" count="10"/>
        <line num="23" type="stmt" count="16"/>
        <line num="25" type="stmt" count="16"/>
        <line num="26" type="stmt" count="8"/>
        <line num="29" type="stmt" count="15"/>
        <line num="30" type="stmt" count="0"/>
        <line num="31" type="stmt" count="0"/>
        <line num="33" type="stmt" count="15"/>
        <line num="35" type="method" name="isJsonRequest" visibility="private" complexity="1" crap="1" count="26"/>
        <line num="37" type="stmt" count="26"/>
        <line num="40" type="method" name="transformJsonBody" visibility="private" complexity="3" crap="3.21" count="15"/>
        <line num="42" type="stmt" count="15"/>
        <line num="44" type="stmt" count="15"/>
        <line num="45" type="stmt" count="0"/>
        <line num="48" type="stmt" count="15"/>
        <line num="49" type="stmt" count="0"/>
        <line num="52" type="stmt" count="15"/>
        <line num="54" type="stmt" count="15"/>
        <line num="57" type="method" name="getSubscribedEvents" visibility="public" complexity="1" crap="2" count="0"/>
        <line num="60" type="stmt" count="0"/>
        <metrics loc="63" ncloc="63" classes="1" methods="4" coveredmethods="1" conditionals="0" coveredconditionals="0" statements="19" coveredstatements="14" elements="23" coveredelements="15"/>
      </file>
    </package>
    <package name="App\UI\Http\Rest\Response">
      <file name="/app/src/UI/Http/Rest/Response/JsonApiFormatter.php">
        <class name="App\UI\Http\Rest\Response\JsonApiFormatter" namespace="App\UI\Http\Rest\Response">
          <metrics complexity="8" methods="4" coveredmethods="3" conditionals="0" coveredconditionals="0" statements="12" coveredstatements="10" elements="16" coveredelements="13"/>
        </class>
        <line num="12" type="method" name="one" visibility="public" complexity="1" crap="1" count="2"/>
        <line num="14" type="stmt" count="2"/>
        <line num="15" type="stmt" count="2"/>
        <line num="16" type="stmt" count="2"/>
        <line num="22" type="method" name="anonymousFunction:22#131" complexity="2" crap="2" count="2"/>
        <line num="23" type="stmt" count="2"/>
        <line num="26" type="stmt" count="2"/>
        <line num="28" type="stmt" count="2"/>
        <line num="30" type="stmt" count="2"/>
        <line num="31" type="stmt" count="2"/>
        <line num="32" type="stmt" count="2"/>
        <line num="34" type="stmt" count="2"/>
        <line num="38" type="method" name="model" visibility="private" complexity="1" crap="1" count="2"/>
        <line num="41" type="stmt" count="2"/>
        <line num="42" type="stmt" count="2"/>
        <line num="43" type="stmt" count="2"/>
        <line num="47" type="method" name="relations" visibility="private" complexity="2" crap="2.26" count="2"/>
        <line num="49" type="stmt" count="2"/>
        <line num="52" type="stmt" count="2"/>
        <line num="53" type="stmt" count="0"/>
        <line num="54" type="stmt" count="0"/>
        <line num="58" type="stmt" count="2"/>
        <metrics loc="60" ncloc="59" classes="1" methods="4" coveredmethods="3" conditionals="0" coveredconditionals="0" statements="18" coveredstatements="16" elements="22" coveredelements="19"/>
      </file>
    </package>
    <package name="App\UI\Http\Web\Controller">
      <file name="/app/src/UI/Http/Web/Controller/AbstractRenderController.php">
        <class name="App\UI\Http\Web\Controller\AbstractRenderController" namespace="App\UI\Http\Web\Controller">
          <metrics complexity="4" methods="4" coveredmethods="3" conditionals="0" coveredconditionals="0" statements="9" coveredstatements="8" elements="13" coveredelements="11"/>
        </class>
        <line num="17" type="method" name="render" visibility="protected" complexity="1" crap="1" count="9"/>
        <line num="19" type="stmt" count="9"/>
        <line num="21" type="stmt" count="9"/>
        <line num="24" type="method" name="exec" visibility="protected" complexity="1" crap="1" count="4"/>
        <line num="26" type="stmt" count="4"/>
        <line num="27" type="stmt" count="4"/>
        <line num="29" type="method" name="ask" visibility="protected" complexity="1" crap="2" count="0"/>
        <line num="31" type="stmt" count="0"/>
        <line num="34" type="method" name="__construct" visibility="public" complexity="1" crap="1" count="9"/>
        <line num="36" type="stmt" count="9"/>
        <line num="37" type="stmt" count="9"/>
        <line num="38" type="stmt" count="9"/>
        <line num="39" type="stmt" count="9"/>
        <metrics loc="55" ncloc="41" classes="1" methods="4" coveredmethods="3" conditionals="0" coveredconditionals="0" statements="9" coveredstatements="8" elements="13" coveredelements="11"/>
      </file>
      <file name="/app/src/UI/Http/Web/Controller/HomeController.php">
        <class name="App\UI\Http\Web\Controller\HomeController" namespace="App\UI\Http\Web\Controller">
          <metrics complexity="1" methods="1" coveredmethods="1" conditionals="0" coveredconditionals="0" statements="1" coveredstatements="1" elements="2" coveredelements="2"/>
        </class>
        <line num="23" type="method" name="get" visibility="public" complexity="1" crap="1" count="3"/>
        <line num="25" type="stmt" count="3"/>
        <metrics loc="27" ncloc="16" classes="1" methods="1" coveredmethods="1" conditionals="0" coveredconditionals="0" statements="1" coveredstatements="1" elements="2" coveredelements="2"/>
      </file>
      <file name="/app/src/UI/Http/Web/Controller/ProfileController.php">
        <class name="App\UI\Http\Web\Controller\ProfileController" namespace="App\UI\Http\Web\Controller">
          <metrics complexity="1" methods="1" coveredmethods="1" conditionals="0" coveredconditionals="0" statements="1" coveredstatements="1" elements="2" coveredelements="2"/>
        </class>
        <line num="23" type="method" name="profile" visibility="public" complexity="1" crap="1" count="2"/>
        <line num="25" type="stmt" count="2"/>
        <metrics loc="27" ncloc="16" classes="1" methods="1" coveredmethods="1" conditionals="0" coveredconditionals="0" statements="1" coveredstatements="1" elements="2" coveredelements="2"/>
      </file>
      <file name="/app/src/UI/Http/Web/Controller/SecurityController.php">
        <class name="App\UI\Http\Web\Controller\SecurityController" namespace="App\UI\Http\Web\Controller">
          <metrics complexity="2" methods="2" coveredmethods="1" conditionals="0" coveredconditionals="0" statements="4" coveredstatements="3" elements="6" coveredelements="4"/>
        </class>
        <line num="25" type="method" name="login" visibility="public" complexity="1" crap="1" count="3"/>
        <line num="27" type="stmt" count="3"/>
        <line num="28" type="stmt" count="3"/>
        <line num="29" type="stmt" count="3"/>
        <line num="39" type="method" name="logout" visibility="public" complexity="1" crap="2" count="0"/>
        <line num="41" type="stmt" count="0"/>
        <metrics loc="43" ncloc="26" classes="1" methods="2" coveredmethods="1" conditionals="0" coveredconditionals="0" statements="4" coveredstatements="3" elements="6" coveredelements="4"/>
      </file>
      <file name="/app/src/UI/Http/Web/Controller/SignUpController.php">
        <class name="App\UI\Http\Web\Controller\SignUpController" namespace="App\UI\Http\Web\Controller">
          <metrics complexity="4" methods="2" coveredmethods="2" conditionals="0" coveredconditionals="0" statements="12" coveredstatements="12" elements="14" coveredelements="14"/>
        </class>
        <line num="28" type="method" name="get" visibility="public" complexity="1" crap="1" count="7"/>
        <line num="30" type="stmt" count="7"/>
        <line num="46" type="method" name="post" visibility="public" complexity="3" crap="3" count="5"/>
        <line num="48" type="stmt" count="5"/>
        <line num="49" type="stmt" count="5"/>
        <line num="50" type="stmt" count="5"/>
        <line num="53" type="stmt" count="5"/>
        <line num="54" type="stmt" count="5"/>
        <line num="56" type="stmt" count="5"/>
        <line num="58" type="stmt" count="4"/>
        <line num="59" type="stmt" count="2"/>
        <line num="60" type="stmt" count="1"/>
        <line num="61" type="stmt" count="1"/>
        <line num="62" type="stmt" count="1"/>
        <metrics loc="65" ncloc="41" classes="1" methods="2" coveredmethods="2" conditionals="0" coveredconditionals="0" statements="12" coveredstatements="12" elements="14" coveredelements="14"/>
      </file>
    </package>
    <metrics files="68" loc="2954" ncloc="2364" classes="55" methods="169" coveredmethods="154" conditionals="0" coveredconditionals="0" statements="524" coveredstatements="497" elements="693" coveredelements="651"/>
  </project>
</coverage>
